{"numFailedTestSuites":0,"numFailedTests":0,"numPassedTestSuites":4,"numPassedTests":19,"numPendingTestSuites":0,"numPendingTests":0,"numRuntimeErrorTestSuites":0,"numTodoTests":0,"numTotalTestSuites":4,"numTotalTests":19,"openHandles":[],"snapshot":{"added":0,"didUpdate":false,"failure":false,"filesAdded":0,"filesRemoved":0,"filesRemovedList":[],"filesUnmatched":0,"filesUpdated":0,"matched":0,"total":0,"unchecked":0,"uncheckedKeysByFile":[],"unmatched":0,"updated":0},"startTime":1753257409309,"success":true,"testResults":[{"assertionResults":[{"ancestorTitles":["FlightList"],"failureMessages":[],"fullName":"FlightList renders flights and disables Sold Out button","location":null,"status":"passed","title":"renders flights and disables Sold Out button"},{"ancestorTitles":["FlightList"],"failureMessages":[],"fullName":"FlightList shows empty message if no flights found","location":null,"status":"passed","title":"shows empty message if no flights found"},{"ancestorTitles":["FlightList"],"failureMessages":[],"fullName":"FlightList shows Booked button if just booked","location":null,"status":"passed","title":"shows Booked button if just booked"},{"ancestorTitles":["FlightList"],"failureMessages":[],"fullName":"FlightList Book button calls onBook","location":null,"status":"passed","title":"Book button calls onBook"},{"ancestorTitles":["FlightList"],"failureMessages":[],"fullName":"FlightList shows error if book error supplied","location":null,"status":"passed","title":"shows error if book error supplied"}],"endTime":1753257412512,"message":"","name":"/home/coder/project/workspace/question_generation_service/solutions/0bc56dc2-5e4e-40c4-8aa0-4bb066a2ceb3/reactapp/src/components/FlightList.test.js","startTime":1753257410373,"status":"passed","summary":""},{"assertionResults":[{"ancestorTitles":["FlightSearch"],"failureMessages":[],"fullName":"FlightSearch renders form","location":null,"status":"passed","title":"renders form"},{"ancestorTitles":["FlightSearch"],"failureMessages":[],"fullName":"FlightSearch shows validation errors when submitting blank","location":null,"status":"passed","title":"shows validation errors when submitting blank"},{"ancestorTitles":["FlightSearch"],"failureMessages":[],"fullName":"FlightSearch shows error for same city","location":null,"status":"passed","title":"shows error for same city"},{"ancestorTitles":["FlightSearch"],"failureMessages":[],"fullName":"FlightSearch shows error for past date","location":null,"status":"passed","title":"shows error for past date"},{"ancestorTitles":["FlightSearch"],"failureMessages":[],"fullName":"FlightSearch calls onSearch if validation passes","location":null,"status":"passed","title":"calls onSearch if validation passes"}],"endTime":1753257412524,"message":"","name":"/home/coder/project/workspace/question_generation_service/solutions/0bc56dc2-5e4e-40c4-8aa0-4bb066a2ceb3/reactapp/src/components/FlightSearch.test.js","startTime":1753257410327,"status":"passed","summary":""},{"assertionResults":[{"ancestorTitles":["HotelSearch"],"failureMessages":[],"fullName":"HotelSearch renders form fields","location":null,"status":"passed","title":"renders form fields"},{"ancestorTitles":["HotelSearch"],"failureMessages":[],"fullName":"HotelSearch shows validation error for no location","location":null,"status":"passed","title":"shows validation error for no location"},{"ancestorTitles":["HotelSearch"],"failureMessages":[],"fullName":"HotelSearch shows validation for negative max price","location":null,"status":"passed","title":"shows validation for negative max price"},{"ancestorTitles":["HotelSearch"],"failureMessages":[],"fullName":"HotelSearch calls onSearch with correct fields","location":null,"status":"passed","title":"calls onSearch with correct fields"}],"endTime":1753257412549,"message":"","name":"/home/coder/project/workspace/question_generation_service/solutions/0bc56dc2-5e4e-40c4-8aa0-4bb066a2ceb3/reactapp/src/components/HotelSearch.test.js","startTime":1753257410321,"status":"passed","summary":""},{"assertionResults":[{"ancestorTitles":["BookingList"],"failureMessages":[],"fullName":"BookingList groups bookings by type and renders details","location":null,"status":"passed","title":"groups bookings by type and renders details"},{"ancestorTitles":["BookingList"],"failureMessages":[],"fullName":"BookingList shows empty if none","location":null,"status":"passed","title":"shows empty if none"},{"ancestorTitles":["BookingList"],"failureMessages":[],"fullName":"BookingList shows Cancel enabled for confirmed","location":null,"status":"passed","title":"shows Cancel enabled for confirmed"},{"ancestorTitles":["BookingList"],"failureMessages":[],"fullName":"BookingList disables Cancel if not confirmed","location":null,"status":"passed","title":"disables Cancel if not confirmed"},{"ancestorTitles":["BookingList"],"failureMessages":[],"fullName":"BookingList calls cancelBooking and updates booking","location":null,"status":"passed","title":"calls cancelBooking and updates booking"}],"endTime":1753257412896,"message":"","name":"/home/coder/project/workspace/question_generation_service/solutions/0bc56dc2-5e4e-40c4-8aa0-4bb066a2ceb3/reactapp/src/components/BookingList.test.js","startTime":1753257412550,"status":"passed","summary":""}],"wasInterrupted":false}